<?xml version="1.0" encoding="UTF-8"?>
<!-- Generated by org.testng.reporters.JUnitXMLReporter -->
<testsuite hostname="DESKTOP-9QHAP3G" ignored="0" name="Test" tests="19" failures="0" timestamp="2022-01-07T18:23:42 IST" time="103.107" errors="0">
  <testcase name="searchForTravelInsurance" time="1.45" classname="com.policybazaar.smoke.TravelInsurance"/>
  <testcase name="selectDestination" time="1.5" classname="com.policybazaar.smoke.TravelInsurance"/>
  <testcase name="selectDates" time="1.971" classname="com.policybazaar.smoke.TravelInsurance"/>
  <testcase name="selectNoOfPeople" time="0.529" classname="com.policybazaar.smoke.TravelInsurance"/>
  <testcase name="selectMedicalCondition" time="0.174" classname="com.policybazaar.smoke.TravelInsurance"/>
  <testcase name="enterMobileNumber" time="0.965" classname="com.policybazaar.smoke.TravelInsurance"/>
  <testcase name="sortByLowToHigh" time="4.788" classname="com.policybazaar.smoke.TravelInsurance"/>
  <testcase name="displayTopThree" time="0.382" classname="com.policybazaar.smoke.TravelInsurance"/>
  <testcase name="searchForCarInsurance" time="0.984" classname="com.policybazaar.smoke.CarInsurance"/>
  <testcase name="carNumber" time="2.755" classname="com.policybazaar.smoke.CarInsurance"/>
  <testcase name="fuel" time="1.344" classname="com.policybazaar.smoke.CarInsurance"/>
  <testcase name="fillDetails" time="33.037" classname="com.policybazaar.smoke.CarInsurance"/>
  <testcase name="fillDetails" time="5.251" classname="com.policybazaar.smoke.CarInsurance"/>
  <testcase name="fillDetails" time="4.581" classname="com.policybazaar.smoke.CarInsurance"/>
  <testcase name="fillDetails" time="4.532" classname="com.policybazaar.smoke.CarInsurance"/>
  <testcase name="fillDetails" time="4.55" classname="com.policybazaar.smoke.CarInsurance"/>
  <testcase name="fillDetails" time="4.53" classname="com.policybazaar.smoke.CarInsurance"/>
  <testcase name="fillDetails" time="4.55" classname="com.policybazaar.smoke.CarInsurance"/>
  <testcase name="gethealthInsuranceList" time="0.345" classname="com.policybazaar.smoke.HealthInsurance"/>
</testsuite> <!-- Test -->
