<?xml version="1.0" encoding="UTF-8"?>
<!-- Generated by org.testng.reporters.JUnitXMLReporter -->
<testsuite hostname="DESKTOP-9QHAP3G" ignored="0" name="Test" tests="19" failures="0" timestamp="2022-01-07T17:59:16 IST" time="107.021" errors="0">
  <testcase name="searchForTravelInsurance" time="1.768" classname="com.policybazaar.smoke.TravelInsurance"/>
  <testcase name="selectDestination" time="1.563" classname="com.policybazaar.smoke.TravelInsurance"/>
  <testcase name="selectDates" time="1.519" classname="com.policybazaar.smoke.TravelInsurance"/>
  <testcase name="selectNoOfPeople" time="0.583" classname="com.policybazaar.smoke.TravelInsurance"/>
  <testcase name="selectMedicalCondition" time="0.167" classname="com.policybazaar.smoke.TravelInsurance"/>
  <testcase name="enterMobileNumber" time="1.062" classname="com.policybazaar.smoke.TravelInsurance"/>
  <testcase name="sortByLowToHigh" time="4.947" classname="com.policybazaar.smoke.TravelInsurance"/>
  <testcase name="displayTopThree" time="0.363" classname="com.policybazaar.smoke.TravelInsurance"/>
  <testcase name="searchForCarInsurance" time="0.95" classname="com.policybazaar.smoke.CarInsurance"/>
  <testcase name="carNumber" time="3.238" classname="com.policybazaar.smoke.CarInsurance"/>
  <testcase name="fuel" time="1.301" classname="com.policybazaar.smoke.CarInsurance"/>
  <testcase name="fillDetails" time="33.364" classname="com.policybazaar.smoke.CarInsurance"/>
  <testcase name="fillDetails" time="5.464" classname="com.policybazaar.smoke.CarInsurance"/>
  <testcase name="fillDetails" time="4.654" classname="com.policybazaar.smoke.CarInsurance"/>
  <testcase name="fillDetails" time="4.656" classname="com.policybazaar.smoke.CarInsurance"/>
  <testcase name="fillDetails" time="4.63" classname="com.policybazaar.smoke.CarInsurance"/>
  <testcase name="fillDetails" time="4.646" classname="com.policybazaar.smoke.CarInsurance"/>
  <testcase name="fillDetails" time="4.688" classname="com.policybazaar.smoke.CarInsurance"/>
  <testcase name="gethealthInsuranceList" time="0.564" classname="com.policybazaar.smoke.HealthInsurance"/>
</testsuite> <!-- Test -->
