<?xml version="1.0" encoding="UTF-8"?>
<testsuite xmlns:xsi="http://www.w3.org/2001/XMLSchema-instance" xsi:noNamespaceSchemaLocation="https://maven.apache.org/surefire/maven-surefire-plugin/xsd/surefire-test-report.xsd" name="TestSuite" time="208.887" tests="26" errors="0" skipped="0" failures="0">
  <properties>
[...]
</properties>
  <testcase name="searchForTravelInsurance" classname="com.policybazaar.smoke.TravelInsurance" time="1.453"/>
  <testcase name="selectDestination" classname="com.policybazaar.smoke.TravelInsurance" time="1.499"/>
  <testcase name="selectDates" classname="com.policybazaar.smoke.TravelInsurance" time="1.972"/>
  <testcase name="selectNoOfPeople" classname="com.policybazaar.smoke.TravelInsurance" time="0.528"/>
  <testcase name="selectMedicalCondition" classname="com.policybazaar.smoke.TravelInsurance" time="0.174"/>
  <testcase name="enterMobileNumber" classname="com.policybazaar.smoke.TravelInsurance" time="0.966"/>
  <testcase name="sortByLowToHigh" classname="com.policybazaar.smoke.TravelInsurance" time="4.789"/>
  <testcase name="displayTopThree" classname="com.policybazaar.smoke.TravelInsurance" time="0.382"/>
  <testcase name="searchForCarInsurance" classname="com.policybazaar.smoke.CarInsurance" time="0.985"/>
  <testcase name="carNumber" classname="com.policybazaar.smoke.CarInsurance" time="2.755"/>
  <testcase name="fuel" classname="com.policybazaar.smoke.CarInsurance" time="1.344"/>
  <testcase name="fillDetails" classname="com.policybazaar.smoke.CarInsurance" time="33.037"/>
  <testcase name="fillDetails" classname="com.policybazaar.smoke.CarInsurance" time="5.251"/>
  <testcase name="fillDetails" classname="com.policybazaar.smoke.CarInsurance" time="4.581"/>
  <testcase name="fillDetails" classname="com.policybazaar.smoke.CarInsurance" time="4.532"/>
  <testcase name="fillDetails" classname="com.policybazaar.smoke.CarInsurance" time="4.55"/>
  <testcase name="fillDetails" classname="com.policybazaar.smoke.CarInsurance" time="4.53"/>
  <testcase name="fillDetails" classname="com.policybazaar.smoke.CarInsurance" time="4.55"/>
  <testcase name="gethealthInsuranceList" classname="com.policybazaar.smoke.HealthInsurance" time="0.344"/>
  <testcase name="searchForTravelInsurance" classname="com.policybazaar.regression.TravelInsurance" time="13.537"/>
  <testcase name="searchForTravelInsurance" classname="com.policybazaar.regression.TravelInsurance" time="19.318"/>
  <testcase name="searchForTravelInsurance" classname="com.policybazaar.regression.TravelInsurance" time="6.448"/>
  <testcase name="searchForTravelInsurance" classname="com.policybazaar.regression.TravelInsurance" time="5.513"/>
  <testcase name="searchForCarInsurance" classname="com.policybazaar.regression.CarInsurance" time="16.315"/>
  <testcase name="searchForCarInsurance" classname="com.policybazaar.regression.CarInsurance" time="15.304"/>
  <testcase name="searchForCarInsurance" classname="com.policybazaar.regression.CarInsurance" time="13.654"/>
</testsuite>