<?xml version="1.0" encoding="UTF-8"?>
<!-- Generated by org.testng.reporters.JUnitXMLReporter -->
<testsuite hostname="DESKTOP-9QHAP3G" ignored="0" name="Test" tests="7" failures="0" timestamp="2022-01-07T18:25:26 IST" time="104.129" errors="0">
  <testcase name="searchForTravelInsurance" time="13.536" classname="com.policybazaar.regression.TravelInsurance"/>
  <testcase name="searchForTravelInsurance" time="19.318" classname="com.policybazaar.regression.TravelInsurance"/>
  <testcase name="searchForTravelInsurance" time="6.447" classname="com.policybazaar.regression.TravelInsurance"/>
  <testcase name="searchForTravelInsurance" time="5.512" classname="com.policybazaar.regression.TravelInsurance"/>
  <testcase name="searchForCarInsurance" time="16.314" classname="com.policybazaar.regression.CarInsurance"/>
  <testcase name="searchForCarInsurance" time="15.303" classname="com.policybazaar.regression.CarInsurance"/>
  <testcase name="searchForCarInsurance" time="13.654" classname="com.policybazaar.regression.CarInsurance"/>
</testsuite> <!-- Test -->
